Performing C SOURCE FILE Test CMAKE_HAVE_LIBC_PTHREAD failed with the following output:
Change Dir: /home/mawoznia/RemoteControlVehicle/CMake/CMakeFiles/CMakeTmp

Run Build Command(s):/usr/bin/make cmTC_cd0ed/fast && /usr/bin/make -f CMakeFiles/cmTC_cd0ed.dir/build.make CMakeFiles/cmTC_cd0ed.dir/build
make[1]: Entering directory '/home/mawoznia/RemoteControlVehicle/CMake/CMakeFiles/CMakeTmp'
Building C object CMakeFiles/cmTC_cd0ed.dir/src.c.o
/usr/bin/cc   -DCMAKE_HAVE_LIBC_PTHREAD   -o CMakeFiles/cmTC_cd0ed.dir/src.c.o   -c /home/mawoznia/RemoteControlVehicle/CMake/CMakeFiles/CMakeTmp/src.c
Linking C executable cmTC_cd0ed
/usr/local/bin/cmake -E cmake_link_script CMakeFiles/cmTC_cd0ed.dir/link.txt --verbose=1
/usr/bin/cc  -DCMAKE_HAVE_LIBC_PTHREAD    CMakeFiles/cmTC_cd0ed.dir/src.c.o  -o cmTC_cd0ed 
/usr/bin/ld: CMakeFiles/cmTC_cd0ed.dir/src.c.o: in function `main':
src.c:(.text+0x46): undefined reference to `pthread_create'
/usr/bin/ld: src.c:(.text+0x52): undefined reference to `pthread_detach'
/usr/bin/ld: src.c:(.text+0x63): undefined reference to `pthread_join'
collect2: error: ld returned 1 exit status
make[1]: *** [CMakeFiles/cmTC_cd0ed.dir/build.make:87: cmTC_cd0ed] Error 1
make[1]: Leaving directory '/home/mawoznia/RemoteControlVehicle/CMake/CMakeFiles/CMakeTmp'
make: *** [Makefile:121: cmTC_cd0ed/fast] Error 2


Source file was:
#include <pthread.h>

void* test_func(void* data)
{
  return data;
}

int main(void)
{
  pthread_t thread;
  pthread_create(&thread, NULL, test_func, NULL);
  pthread_detach(thread);
  pthread_join(thread, NULL);
  pthread_atfork(NULL, NULL, NULL);
  pthread_exit(NULL);

  return 0;
}

Determining if the function pthread_create exists in the pthreads failed with the following output:
Change Dir: /home/mawoznia/RemoteControlVehicle/CMake/CMakeFiles/CMakeTmp

Run Build Command(s):/usr/bin/make cmTC_70c71/fast && /usr/bin/make -f CMakeFiles/cmTC_70c71.dir/build.make CMakeFiles/cmTC_70c71.dir/build
make[1]: Entering directory '/home/mawoznia/RemoteControlVehicle/CMake/CMakeFiles/CMakeTmp'
Building C object CMakeFiles/cmTC_70c71.dir/CheckFunctionExists.c.o
/usr/bin/cc   -DCHECK_FUNCTION_EXISTS=pthread_create   -o CMakeFiles/cmTC_70c71.dir/CheckFunctionExists.c.o   -c /usr/local/share/cmake-3.15/Modules/CheckFunctionExists.c
Linking C executable cmTC_70c71
/usr/local/bin/cmake -E cmake_link_script CMakeFiles/cmTC_70c71.dir/link.txt --verbose=1
/usr/bin/cc  -DCHECK_FUNCTION_EXISTS=pthread_create    CMakeFiles/cmTC_70c71.dir/CheckFunctionExists.c.o  -o cmTC_70c71 -lpthreads 
/usr/bin/ld: cannot find -lpthreads
collect2: error: ld returned 1 exit status
make[1]: *** [CMakeFiles/cmTC_70c71.dir/build.make:87: cmTC_70c71] Error 1
make[1]: Leaving directory '/home/mawoznia/RemoteControlVehicle/CMake/CMakeFiles/CMakeTmp'
make: *** [Makefile:121: cmTC_70c71/fast] Error 2



Performing C SOURCE FILE Test CMAKE_HAVE_LIBC_PTHREAD failed with the following output:
Change Dir: /home/mawoznia/RemoteControlVehicle/CMake/CMakeFiles/CMakeTmp

Run Build Command(s):/usr/bin/make cmTC_8e547/fast && /usr/bin/make -f CMakeFiles/cmTC_8e547.dir/build.make CMakeFiles/cmTC_8e547.dir/build
make[1]: Entering directory '/home/mawoznia/RemoteControlVehicle/CMake/CMakeFiles/CMakeTmp'
Building C object CMakeFiles/cmTC_8e547.dir/src.c.o
/usr/bin/cc   -DCMAKE_HAVE_LIBC_PTHREAD   -o CMakeFiles/cmTC_8e547.dir/src.c.o   -c /home/mawoznia/RemoteControlVehicle/CMake/CMakeFiles/CMakeTmp/src.c
Linking C executable cmTC_8e547
/usr/local/bin/cmake -E cmake_link_script CMakeFiles/cmTC_8e547.dir/link.txt --verbose=1
/usr/bin/cc  -DCMAKE_HAVE_LIBC_PTHREAD    CMakeFiles/cmTC_8e547.dir/src.c.o  -o cmTC_8e547 
/usr/bin/ld: CMakeFiles/cmTC_8e547.dir/src.c.o: in function `main':
src.c:(.text+0x46): undefined reference to `pthread_create'
/usr/bin/ld: src.c:(.text+0x52): undefined reference to `pthread_detach'
/usr/bin/ld: src.c:(.text+0x63): undefined reference to `pthread_join'
collect2: error: ld returned 1 exit status
make[1]: *** [CMakeFiles/cmTC_8e547.dir/build.make:87: cmTC_8e547] Error 1
make[1]: Leaving directory '/home/mawoznia/RemoteControlVehicle/CMake/CMakeFiles/CMakeTmp'
make: *** [Makefile:121: cmTC_8e547/fast] Error 2


Source file was:
#include <pthread.h>

void* test_func(void* data)
{
  return data;
}

int main(void)
{
  pthread_t thread;
  pthread_create(&thread, NULL, test_func, NULL);
  pthread_detach(thread);
  pthread_join(thread, NULL);
  pthread_atfork(NULL, NULL, NULL);
  pthread_exit(NULL);

  return 0;
}

Determining if the function pthread_create exists in the pthreads failed with the following output:
Change Dir: /home/mawoznia/RemoteControlVehicle/CMake/CMakeFiles/CMakeTmp

Run Build Command(s):/usr/bin/make cmTC_e6352/fast && /usr/bin/make -f CMakeFiles/cmTC_e6352.dir/build.make CMakeFiles/cmTC_e6352.dir/build
make[1]: Entering directory '/home/mawoznia/RemoteControlVehicle/CMake/CMakeFiles/CMakeTmp'
Building C object CMakeFiles/cmTC_e6352.dir/CheckFunctionExists.c.o
/usr/bin/cc   -DCHECK_FUNCTION_EXISTS=pthread_create   -o CMakeFiles/cmTC_e6352.dir/CheckFunctionExists.c.o   -c /usr/local/share/cmake-3.15/Modules/CheckFunctionExists.c
Linking C executable cmTC_e6352
/usr/local/bin/cmake -E cmake_link_script CMakeFiles/cmTC_e6352.dir/link.txt --verbose=1
/usr/bin/cc  -DCHECK_FUNCTION_EXISTS=pthread_create    CMakeFiles/cmTC_e6352.dir/CheckFunctionExists.c.o  -o cmTC_e6352 -lpthreads 
/usr/bin/ld: cannot find -lpthreads
collect2: error: ld returned 1 exit status
make[1]: *** [CMakeFiles/cmTC_e6352.dir/build.make:87: cmTC_e6352] Error 1
make[1]: Leaving directory '/home/mawoznia/RemoteControlVehicle/CMake/CMakeFiles/CMakeTmp'
make: *** [Makefile:121: cmTC_e6352/fast] Error 2



